
> @uxaudit-pro/backend@1.0.0 test
> jest

[1G[0K[1m[2mDetermining test suites to run...[22m[22m[999D[K

[1mTest Suites: [22m0 of 5 total
[1mTests:       [22m0 total
[1mSnapshots:   [22m0 total
[1mTime:[22m        0 s, estimated 2 s[K[1A[K[1A[K[1A[K[1A[K[1A
[0m[7m[33m[1m RUNS [22m[39m[27m[0m [2msrc/__tests__/[22m[1mcrud.test.ts[22m
[0m[7m[33m[1m RUNS [22m[39m[27m[0m [2msrc/__tests__/[22m[1mintegration.test.ts[22m
[0m[7m[33m[1m RUNS [22m[39m[27m[0m [2msrc/__tests__/[22m[1mdatabase.test.ts[22m
[0m[7m[33m[1m RUNS [22m[39m[27m[0m [2msrc/analysis/analyzers/__tests__/[22m[1mcolor-contrast.test.ts[22m
[0m[7m[33m[1m RUNS [22m[39m[27m[0m [2msrc/analysis/analyzers/__tests__/[22m[1mcolor-contrast-integration.test.ts[22m

[1mTest Suites: [22m0 of 5 total
[1mTests:       [22m0 total
[1mSnapshots:   [22m0 total
[1mTime:[22m        0 s, estimated 2 s[K[1A[K[1A[K[1A[K[1A[K[1A[K[1A[K[1A[K[1A[K[1A[K[1A(node:49650) [DEP0040] DeprecationWarning: The `punycode` module is deprecated. Please use a userland alternative instead.
(Use `node --trace-deprecation ...` to show where the warning was created)

[0m[7m[33m[1m RUNS [22m[39m[27m[0m [2msrc/__tests__/[22m[1mcrud.test.ts[22m
[0m[7m[33m[1m RUNS [22m[39m[27m[0m [2msrc/__tests__/[22m[1mintegration.test.ts[22m
[0m[7m[33m[1m RUNS [22m[39m[27m[0m [2msrc/__tests__/[22m[1mdatabase.test.ts[22m
[0m[7m[33m[1m RUNS [22m[39m[27m[0m [2msrc/analysis/analyzers/__tests__/[22m[1mcolor-contrast.test.ts[22m
[0m[7m[33m[1m RUNS [22m[39m[27m[0m [2msrc/analysis/analyzers/__tests__/[22m[1mcolor-contrast-integration.test.ts[22m

[1mTest Suites: [22m0 of 5 total
[1mTests:       [22m0 total
[1mSnapshots:   [22m0 total
[1mTime:[22m        0 s, estimated 2 s[K[1A[K[1A[K[1A[K[1A[K[1A[K[1A[K[1A[K[1A[K[1A[K[1A(node:49651) [DEP0040] DeprecationWarning: The `punycode` module is deprecated. Please use a userland alternative instead.
(Use `node --trace-deprecation ...` to show where the warning was created)

[0m[7m[33m[1m RUNS [22m[39m[27m[0m [2msrc/__tests__/[22m[1mcrud.test.ts[22m
[0m[7m[33m[1m RUNS [22m[39m[27m[0m [2msrc/__tests__/[22m[1mintegration.test.ts[22m
[0m[7m[33m[1m RUNS [22m[39m[27m[0m [2msrc/__tests__/[22m[1mdatabase.test.ts[22m
[0m[7m[33m[1m RUNS [22m[39m[27m[0m [2msrc/analysis/analyzers/__tests__/[22m[1mcolor-contrast.test.ts[22m
[0m[7m[33m[1m RUNS [22m[39m[27m[0m [2msrc/analysis/analyzers/__tests__/[22m[1mcolor-contrast-integration.test.ts[22m

[1mTest Suites: [22m0 of 5 total
[1mTests:       [22m0 total
[1mSnapshots:   [22m0 total
[1mTime:[22m        0 s, estimated 2 s[K[1A[K[1A[K[1A[K[1A[K[1A[K[1A[K[1A[K[1A[K[1A[K[1A(node:49649) [DEP0040] DeprecationWarning: The `punycode` module is deprecated. Please use a userland alternative instead.
(Use `node --trace-deprecation ...` to show where the warning was created)

[0m[7m[33m[1m RUNS [22m[39m[27m[0m [2msrc/__tests__/[22m[1mcrud.test.ts[22m
[0m[7m[33m[1m RUNS [22m[39m[27m[0m [2msrc/__tests__/[22m[1mintegration.test.ts[22m
[0m[7m[33m[1m RUNS [22m[39m[27m[0m [2msrc/__tests__/[22m[1mdatabase.test.ts[22m
[0m[7m[33m[1m RUNS [22m[39m[27m[0m [2msrc/analysis/analyzers/__tests__/[22m[1mcolor-contrast.test.ts[22m
[0m[7m[33m[1m RUNS [22m[39m[27m[0m [2msrc/analysis/analyzers/__tests__/[22m[1mcolor-contrast-integration.test.ts[22m

[1mTest Suites: [22m0 of 5 total
[1mTests:       [22m0 total
[1mSnapshots:   [22m0 total
[1mTime:[22m        0 s, estimated 2 s[K[1A[K[1A[K[1A[K[1A[K[1A[K[1A[K[1A[K[1A[K[1A[K[1A[0m[7m[1m[32m PASS [39m[22m[27m[0m [2msrc/__tests__/[22m[1mdatabase.test.ts[22m

[0m[7m[33m[1m RUNS [22m[39m[27m[0m [2msrc/__tests__/[22m[1mcrud.test.ts[22m
[0m[7m[33m[1m RUNS [22m[39m[27m[0m [2msrc/__tests__/[22m[1mintegration.test.ts[22m
[0m[7m[33m[1m RUNS [22m[39m[27m[0m [2msrc/__tests__/[22m[1mdatabase.test.ts[22m
[0m[7m[33m[1m RUNS [22m[39m[27m[0m [2msrc/analysis/analyzers/__tests__/[22m[1mcolor-contrast.test.ts[22m
[0m[7m[33m[1m RUNS [22m[39m[27m[0m [2msrc/analysis/analyzers/__tests__/[22m[1mcolor-contrast-integration.test.ts[22m

[1mTest Suites: [22m0 of 5 total
[1mTests:       [22m0 total
[1mSnapshots:   [22m0 total
[1mTime:[22m        0 s, estimated 2 s[K[1A[K[1A[K[1A[K[1A[K[1A[K[1A[K[1A[K[1A[K[1A[K[1A  [1m‚óè [22mConsole

    [2mconsole.log[22m
      Successfully connected to MongoDB
[2m[22m
[2m      [2mat Database.connect ([22m[2msrc/utils/database.ts[2m:27:15)[22m[2m[22m

    [2m[33mconsole.warn[39m[22m
[33m      MongoDB disconnected[39m
[2m[22m
[2m    [0m [90m 56 |[39m[22m
[2m     [90m 57 |[39m   [36mprivate[39m handleDisconnect()[33m:[39m [36mvoid[39m {[22m
[2m    [31m[1m>[22m[2m[39m[90m 58 |[39m     console[33m.[39mwarn([32m'MongoDB disconnected'[39m)[33m;[39m[22m
[2m     [90m    |[39m             [31m[1m^[22m[2m[39m[22m
[2m     [90m 59 |[39m   }[22m
[2m     [90m 60 |[39m[22m
[2m     [90m 61 |[39m   [36mpublic[39m getConnection()[33m:[39m mongoose[33m.[39m[33mConnection[39m {[0m[22m
[2m[22m
[2m      [2mat NativeConnection.handleDisconnect ([22m[2msrc/utils/database.ts[2m:58:13)[22m[2m[22m
[2m      [2mat NativeConnection.set ([22m[2m../../node_modules/mongoose/lib/connection.js[2m:123:12)[22m[2m[22m
[2m      [2mat NativeConnection.Object.<anonymous>.Connection.onClose ([22m[2m../../node_modules/mongoose/lib/connection.js[2m:961:19)[22m[2m[22m
[2m      [2mat NativeConnection._close ([22m[2m../../node_modules/mongoose/lib/connection.js[2m:911:12)[22m[2m[22m
[2m      [2mat Database.disconnect ([22m[2msrc/utils/database.ts[2m:44:7)[22m[2m[22m
[2m      [2mat Object.<anonymous> ([22m[2msrc/__tests__/setup.ts[2m:17:3)[22m[2m[22m

    [2mconsole.log[22m
      MongoDB disconnected
[2m[22m
[2m      [2mat Database.disconnect ([22m[2msrc/utils/database.ts[2m:46:15)[22m[2m[22m


[0m[7m[33m[1m RUNS [22m[39m[27m[0m [2msrc/__tests__/[22m[1mcrud.test.ts[22m
[0m[7m[33m[1m RUNS [22m[39m[27m[0m [2msrc/__tests__/[22m[1mintegration.test.ts[22m
[0m[7m[33m[1m RUNS [22m[39m[27m[0m [2msrc/__tests__/[22m[1mdatabase.test.ts[22m
[0m[7m[33m[1m RUNS [22m[39m[27m[0m [2msrc/analysis/analyzers/__tests__/[22m[1mcolor-contrast.test.ts[22m
[0m[7m[33m[1m RUNS [22m[39m[27m[0m [2msrc/analysis/analyzers/__tests__/[22m[1mcolor-contrast-integration.test.ts[22m

[1mTest Suites: [22m0 of 5 total
[1mTests:       [22m0 total
[1mSnapshots:   [22m0 total
[1mTime:[22m        0 s, estimated 2 s[K[1A[K[1A[K[1A[K[1A[K[1A[K[1A[K[1A[K[1A[K[1A[K[1A
[0m[7m[33m[1m RUNS [22m[39m[27m[0m [2msrc/__tests__/[22m[1mcrud.test.ts[22m
[0m[7m[33m[1m RUNS [22m[39m[27m[0m [2msrc/__tests__/[22m[1mintegration.test.ts[22m
[0m[7m[33m[1m RUNS [22m[39m[27m[0m [2msrc/__tests__/[22m[1mdatabase.test.ts[22m
[0m[7m[33m[1m RUNS [22m[39m[27m[0m [2msrc/analysis/analyzers/__tests__/[22m[1mcolor-contrast.test.ts[22m
[0m[7m[33m[1m RUNS [22m[39m[27m[0m [2msrc/analysis/analyzers/__tests__/[22m[1mcolor-contrast-integration.test.ts[22m

[1mTest Suites: [22m0 of 5 total
[1mTests:       [22m0 total
[1mSnapshots:   [22m0 total
[1mTime:[22m        0 s, estimated 2 s[K[1A[K[1A[K[1A[K[1A[K[1A[K[1A[K[1A[K[1A[K[1A[K[1A
[0m[7m[33m[1m RUNS [22m[39m[27m[0m [2msrc/__tests__/[22m[1mcrud.test.ts[22m
[0m[7m[33m[1m RUNS [22m[39m[27m[0m [2msrc/__tests__/[22m[1mintegration.test.ts[22m
[0m[7m[33m[1m RUNS [22m[39m[27m[0m [2msrc/analysis/analyzers/__tests__/[22m[1mcolor-contrast.test.ts[22m
[0m[7m[33m[1m RUNS [22m[39m[27m[0m [2msrc/analysis/analyzers/__tests__/[22m[1mcolor-contrast-integration.test.ts[22m

[1mTest Suites: [22m[1m[32m1 passed[39m[22m, 1 of 5 total
[1mTests:       [22m[1m[32m5 passed[39m[22m, 5 total
[1mSnapshots:   [22m0 total
[1mTime:[22m        1 s, estimated 2 s[K[1A[K[1A[K[1A[K[1A[K[1A[K[1A[K[1A[K[1A[K[1A[0m[7m[1m[31m FAIL [39m[22m[27m[0m [2msrc/analysis/analyzers/__tests__/[22m[1mcolor-contrast.test.ts[22m

[0m[7m[33m[1m RUNS [22m[39m[27m[0m [2msrc/__tests__/[22m[1mcrud.test.ts[22m
[0m[7m[33m[1m RUNS [22m[39m[27m[0m [2msrc/__tests__/[22m[1mintegration.test.ts[22m
[0m[7m[33m[1m RUNS [22m[39m[27m[0m [2msrc/analysis/analyzers/__tests__/[22m[1mcolor-contrast.test.ts[22m
[0m[7m[33m[1m RUNS [22m[39m[27m[0m [2msrc/analysis/analyzers/__tests__/[22m[1mcolor-contrast-integration.test.ts[22m

[1mTest Suites: [22m[1m[32m1 passed[39m[22m, 1 of 5 total
[1mTests:       [22m[1m[32m5 passed[39m[22m, 5 total
[1mSnapshots:   [22m0 total
[1mTime:[22m        1 s, estimated 2 s[K[1A[K[1A[K[1A[K[1A[K[1A[K[1A[K[1A[K[1A[K[1A  [1m‚óè [22mTest suite failed to run

    [96msrc/analysis/analyzers/__tests__/color-contrast.test.ts[0m:[93m16[0m:[93m7[0m - [91merror[0m[90m TS2322: [0mType '"url"' is not assignable to type 'AuditSource'.

    [7m16[0m       source: 'url',
    [7m  [0m [91m      ~~~~~~[0m

      [96msrc/analysis/types/processor.ts[0m:[93m6[0m:[93m3[0m
        [7m6[0m   source: AuditSource;
        [7m [0m [96m  ~~~~~~[0m
        The expected type comes from property 'source' which is declared here on type 'ProcessorInput'
    [96msrc/analysis/analyzers/__tests__/color-contrast.test.ts[0m:[93m18[0m:[93m7[0m - [91merror[0m[90m TS2322: [0mType '"basic"' is not assignable to type 'AuditType'.

    [7m18[0m       type: 'basic'
    [7m  [0m [91m      ~~~~[0m

      [96msrc/analysis/types/processor.ts[0m:[93m8[0m:[93m3[0m
        [7m8[0m   type: AuditType;
        [7m [0m [96m  ~~~~[0m
        The expected type comes from property 'type' which is declared here on type 'ProcessorInput'
    [96msrc/analysis/analyzers/__tests__/color-contrast.test.ts[0m:[93m27[0m:[93m7[0m - [91merror[0m[90m TS2322: [0mType '"url"' is not assignable to type 'AuditSource'.

    [7m27[0m       source: 'url',
    [7m  [0m [91m      ~~~~~~[0m

      [96msrc/analysis/types/processor.ts[0m:[93m6[0m:[93m3[0m
        [7m6[0m   source: AuditSource;
        [7m [0m [96m  ~~~~~~[0m
        The expected type comes from property 'source' which is declared here on type 'ProcessorInput'
    [96msrc/analysis/analyzers/__tests__/color-contrast.test.ts[0m:[93m29[0m:[93m7[0m - [91merror[0m[90m TS2322: [0mType '"basic"' is not assignable to type 'AuditType'.

    [7m29[0m       type: 'basic'
    [7m  [0m [91m      ~~~~[0m

      [96msrc/analysis/types/processor.ts[0m:[93m8[0m:[93m3[0m
        [7m8[0m   type: AuditType;
        [7m [0m [96m  ~~~~[0m
        The expected type comes from property 'type' which is declared here on type 'ProcessorInput'


[0m[7m[33m[1m RUNS [22m[39m[27m[0m [2msrc/__tests__/[22m[1mcrud.test.ts[22m
[0m[7m[33m[1m RUNS [22m[39m[27m[0m [2msrc/__tests__/[22m[1mintegration.test.ts[22m
[0m[7m[33m[1m RUNS [22m[39m[27m[0m [2msrc/analysis/analyzers/__tests__/[22m[1mcolor-contrast.test.ts[22m
[0m[7m[33m[1m RUNS [22m[39m[27m[0m [2msrc/analysis/analyzers/__tests__/[22m[1mcolor-contrast-integration.test.ts[22m

[1mTest Suites: [22m[1m[32m1 passed[39m[22m, 1 of 5 total
[1mTests:       [22m[1m[32m5 passed[39m[22m, 5 total
[1mSnapshots:   [22m0 total
[1mTime:[22m        1 s, estimated 2 s[K[1A[K[1A[K[1A[K[1A[K[1A[K[1A[K[1A[K[1A[K[1A(node:49652) [DEP0040] DeprecationWarning: The `punycode` module is deprecated. Please use a userland alternative instead.
(Use `node --trace-deprecation ...` to show where the warning was created)

[0m[7m[33m[1m RUNS [22m[39m[27m[0m [2msrc/__tests__/[22m[1mcrud.test.ts[22m
[0m[7m[33m[1m RUNS [22m[39m[27m[0m [2msrc/__tests__/[22m[1mintegration.test.ts[22m
[0m[7m[33m[1m RUNS [22m[39m[27m[0m [2msrc/analysis/analyzers/__tests__/[22m[1mcolor-contrast.test.ts[22m
[0m[7m[33m[1m RUNS [22m[39m[27m[0m [2msrc/analysis/analyzers/__tests__/[22m[1mcolor-contrast-integration.test.ts[22m

[1mTest Suites: [22m[1m[32m1 passed[39m[22m, 1 of 5 total
[1mTests:       [22m[1m[32m5 passed[39m[22m, 5 total
[1mSnapshots:   [22m0 total
[1mTime:[22m        1 s, estimated 2 s[K[1A[K[1A[K[1A[K[1A[K[1A[K[1A[K[1A[K[1A[K[1A[0m[7m[1m[32m PASS [39m[22m[27m[0m [2msrc/__tests__/[22m[1mintegration.test.ts[22m

[0m[7m[33m[1m RUNS [22m[39m[27m[0m [2msrc/__tests__/[22m[1mcrud.test.ts[22m
[0m[7m[33m[1m RUNS [22m[39m[27m[0m [2msrc/__tests__/[22m[1mintegration.test.ts[22m
[0m[7m[33m[1m RUNS [22m[39m[27m[0m [2msrc/analysis/analyzers/__tests__/[22m[1mcolor-contrast.test.ts[22m
[0m[7m[33m[1m RUNS [22m[39m[27m[0m [2msrc/analysis/analyzers/__tests__/[22m[1mcolor-contrast-integration.test.ts[22m

[1mTest Suites: [22m[1m[32m1 passed[39m[22m, 1 of 5 total
[1mTests:       [22m[1m[32m5 passed[39m[22m, 5 total
[1mSnapshots:   [22m0 total
[1mTime:[22m        1 s, estimated 2 s[K[1A[K[1A[K[1A[K[1A[K[1A[K[1A[K[1A[K[1A[K[1A  [1m‚óè [22mConsole

    [2mconsole.log[22m
      Successfully connected to MongoDB
[2m[22m
[2m      [2mat Database.connect ([22m[2msrc/utils/database.ts[2m:27:15)[22m[2m[22m

    [2m[33mconsole.warn[39m[22m
[33m      MongoDB disconnected[39m
[2m[22m
[2m    [0m [90m 56 |[39m[22m
[2m     [90m 57 |[39m   [36mprivate[39m handleDisconnect()[33m:[39m [36mvoid[39m {[22m
[2m    [31m[1m>[22m[2m[39m[90m 58 |[39m     console[33m.[39mwarn([32m'MongoDB disconnected'[39m)[33m;[39m[22m
[2m     [90m    |[39m             [31m[1m^[22m[2m[39m[22m
[2m     [90m 59 |[39m   }[22m
[2m     [90m 60 |[39m[22m
[2m     [90m 61 |[39m   [36mpublic[39m getConnection()[33m:[39m mongoose[33m.[39m[33mConnection[39m {[0m[22m
[2m[22m
[2m      [2mat NativeConnection.handleDisconnect ([22m[2msrc/utils/database.ts[2m:58:13)[22m[2m[22m
[2m      [2mat NativeConnection.set ([22m[2m../../node_modules/mongoose/lib/connection.js[2m:123:12)[22m[2m[22m
[2m      [2mat NativeConnection.Object.<anonymous>.Connection.onClose ([22m[2m../../node_modules/mongoose/lib/connection.js[2m:961:19)[22m[2m[22m
[2m      [2mat NativeConnection._close ([22m[2m../../node_modules/mongoose/lib/connection.js[2m:911:12)[22m[2m[22m
[2m      [2mat Database.disconnect ([22m[2msrc/utils/database.ts[2m:44:7)[22m[2m[22m
[2m      [2mat Object.<anonymous> ([22m[2msrc/__tests__/setup.ts[2m:17:3)[22m[2m[22m

    [2mconsole.log[22m
      MongoDB disconnected
[2m[22m
[2m      [2mat Database.disconnect ([22m[2msrc/utils/database.ts[2m:46:15)[22m[2m[22m


[0m[7m[33m[1m RUNS [22m[39m[27m[0m [2msrc/__tests__/[22m[1mcrud.test.ts[22m
[0m[7m[33m[1m RUNS [22m[39m[27m[0m [2msrc/__tests__/[22m[1mintegration.test.ts[22m
[0m[7m[33m[1m RUNS [22m[39m[27m[0m [2msrc/analysis/analyzers/__tests__/[22m[1mcolor-contrast.test.ts[22m
[0m[7m[33m[1m RUNS [22m[39m[27m[0m [2msrc/analysis/analyzers/__tests__/[22m[1mcolor-contrast-integration.test.ts[22m

[1mTest Suites: [22m[1m[32m1 passed[39m[22m, 1 of 5 total
[1mTests:       [22m[1m[32m5 passed[39m[22m, 5 total
[1mSnapshots:   [22m0 total
[1mTime:[22m        1 s, estimated 2 s[K[1A[K[1A[K[1A[K[1A[K[1A[K[1A[K[1A[K[1A[K[1A
[0m[7m[33m[1m RUNS [22m[39m[27m[0m [2msrc/__tests__/[22m[1mcrud.test.ts[22m
[0m[7m[33m[1m RUNS [22m[39m[27m[0m [2msrc/analysis/analyzers/__tests__/[22m[1mcolor-contrast-integration.test.ts[22m

[1mTest Suites: [22m[1m[31m1 failed[39m[22m, [1m[32m2 passed[39m[22m, 3 of 5 total
[1mTests:       [22m[1m[32m9 passed[39m[22m, 9 total
[1mSnapshots:   [22m0 total
[1mTime:[22m        1 s, estimated 2 s[K[1A[K[1A[K[1A[K[1A[K[1A[K[1A[K[1A[0m[7m[1m[32m PASS [39m[22m[27m[0m [2msrc/__tests__/[22m[1mcrud.test.ts[22m

[0m[7m[33m[1m RUNS [22m[39m[27m[0m [2msrc/__tests__/[22m[1mcrud.test.ts[22m
[0m[7m[33m[1m RUNS [22m[39m[27m[0m [2msrc/analysis/analyzers/__tests__/[22m[1mcolor-contrast-integration.test.ts[22m

[1mTest Suites: [22m[1m[31m1 failed[39m[22m, [1m[32m2 passed[39m[22m, 3 of 5 total
[1mTests:       [22m[1m[32m9 passed[39m[22m, 9 total
[1mSnapshots:   [22m0 total
[1mTime:[22m        1 s, estimated 2 s[K[1A[K[1A[K[1A[K[1A[K[1A[K[1A[K[1A  [1m‚óè [22mConsole

    [2mconsole.log[22m
      Successfully connected to MongoDB
[2m[22m
[2m      [2mat Database.connect ([22m[2msrc/utils/database.ts[2m:27:15)[22m[2m[22m

    [2m[33mconsole.warn[39m[22m
[33m      MongoDB disconnected[39m
[2m[22m
[2m    [0m [90m 56 |[39m[22m
[2m     [90m 57 |[39m   [36mprivate[39m handleDisconnect()[33m:[39m [36mvoid[39m {[22m
[2m    [31m[1m>[22m[2m[39m[90m 58 |[39m     console[33m.[39mwarn([32m'MongoDB disconnected'[39m)[33m;[39m[22m
[2m     [90m    |[39m             [31m[1m^[22m[2m[39m[22m
[2m     [90m 59 |[39m   }[22m
[2m     [90m 60 |[39m[22m
[2m     [90m 61 |[39m   [36mpublic[39m getConnection()[33m:[39m mongoose[33m.[39m[33mConnection[39m {[0m[22m
[2m[22m
[2m      [2mat NativeConnection.handleDisconnect ([22m[2msrc/utils/database.ts[2m:58:13)[22m[2m[22m
[2m      [2mat NativeConnection.set ([22m[2m../../node_modules/mongoose/lib/connection.js[2m:123:12)[22m[2m[22m
[2m      [2mat NativeConnection.Object.<anonymous>.Connection.onClose ([22m[2m../../node_modules/mongoose/lib/connection.js[2m:961:19)[22m[2m[22m
[2m      [2mat NativeConnection._close ([22m[2m../../node_modules/mongoose/lib/connection.js[2m:911:12)[22m[2m[22m
[2m      [2mat Database.disconnect ([22m[2msrc/utils/database.ts[2m:44:7)[22m[2m[22m
[2m      [2mat Object.<anonymous> ([22m[2msrc/__tests__/setup.ts[2m:17:3)[22m[2m[22m

    [2mconsole.log[22m
      MongoDB disconnected
[2m[22m
[2m      [2mat Database.disconnect ([22m[2msrc/utils/database.ts[2m:46:15)[22m[2m[22m


[0m[7m[33m[1m RUNS [22m[39m[27m[0m [2msrc/__tests__/[22m[1mcrud.test.ts[22m
[0m[7m[33m[1m RUNS [22m[39m[27m[0m [2msrc/analysis/analyzers/__tests__/[22m[1mcolor-contrast-integration.test.ts[22m

[1mTest Suites: [22m[1m[31m1 failed[39m[22m, [1m[32m2 passed[39m[22m, 3 of 5 total
[1mTests:       [22m[1m[32m9 passed[39m[22m, 9 total
[1mSnapshots:   [22m0 total
[1mTime:[22m        1 s, estimated 2 s[K[1A[K[1A[K[1A[K[1A[K[1A[K[1A[K[1A
[0m[7m[33m[1m RUNS [22m[39m[27m[0m [2msrc/analysis/analyzers/__tests__/[22m[1mcolor-contrast-integration.test.ts[22m

[1mTest Suites: [22m[1m[31m1 failed[39m[22m, [1m[32m3 passed[39m[22m, 4 of 5 total
[1mTests:       [22m[1m[32m9 passed[39m[22m, 9 total
[1mSnapshots:   [22m0 total
[1mTime:[22m        1 s, estimated 2 s[K[1A[K[1A[K[1A[K[1A[K[1A[K[1A[0m[7m[1m[31m FAIL [39m[22m[27m[0m [2msrc/analysis/analyzers/__tests__/[22m[1mcolor-contrast-integration.test.ts[22m

[0m[7m[33m[1m RUNS [22m[39m[27m[0m [2msrc/analysis/analyzers/__tests__/[22m[1mcolor-contrast-integration.test.ts[22m

[1mTest Suites: [22m[1m[31m1 failed[39m[22m, [1m[32m3 passed[39m[22m, 4 of 5 total
[1mTests:       [22m[1m[32m9 passed[39m[22m, 9 total
[1mSnapshots:   [22m0 total
[1mTime:[22m        1 s, estimated 2 s[K[1A[K[1A[K[1A[K[1A[K[1A[K[1A  [1m‚óè [22mTest suite failed to run

    [96msrc/analysis/analyzers/__tests__/color-contrast-integration.test.ts[0m:[93m3[0m:[93m32[0m - [91merror[0m[90m TS2307: [0mCannot find module '../../core/analysis-engine' or its corresponding type declarations.

    [7m3[0m import { AnalysisEngine } from '../../core/analysis-engine';
    [7m [0m [91m                               ~~~~~~~~~~~~~~~~~~~~~~~~~~~~[0m
    [96msrc/analysis/analyzers/__tests__/color-contrast-integration.test.ts[0m:[93m38[0m:[93m12[0m - [91merror[0m[90m TS18047: [0m'analysis' is possibly 'null'.

    [7m38[0m     expect(analysis.result.issues).toBeInstanceOf(Array);
    [7m  [0m [91m           ~~~~~~~~[0m
    [96msrc/analysis/analyzers/__tests__/color-contrast-integration.test.ts[0m:[93m38[0m:[93m21[0m - [91merror[0m[90m TS2339: [0mProperty 'result' does not exist on type 'Document<unknown, {}, AnalysisDocument> & AnalysisDocument & { _id: ObjectId; }'.

    [7m38[0m     expect(analysis.result.issues).toBeInstanceOf(Array);
    [7m  [0m [91m                    ~~~~~~[0m
    [96msrc/analysis/analyzers/__tests__/color-contrast-integration.test.ts[0m:[93m55[0m:[93m30[0m - [91merror[0m[90m TS2304: [0mCannot find name 'ProcessorResult'.

    [7m55[0m     results.forEach((result: ProcessorResult) => {
    [7m  [0m [91m                             ~~~~~~~~~~~~~~~[0m
    [96msrc/analysis/analyzers/__tests__/color-contrast-integration.test.ts[0m:[93m78[0m:[93m14[0m - [91merror[0m[90m TS18046: [0m'error' is of type 'unknown'.

    [7m78[0m       expect(error.status).toBe(400);
    [7m  [0m [91m             ~~~~~[0m


[0m[7m[33m[1m RUNS [22m[39m[27m[0m [2msrc/analysis/analyzers/__tests__/[22m[1mcolor-contrast-integration.test.ts[22m

[1mTest Suites: [22m[1m[31m1 failed[39m[22m, [1m[32m3 passed[39m[22m, 4 of 5 total
[1mTests:       [22m[1m[32m9 passed[39m[22m, 9 total
[1mSnapshots:   [22m0 total
[1mTime:[22m        1 s, estimated 2 s[K[1A[K[1A[K[1A[K[1A[K[1A[K[1A(node:49653) [DEP0040] DeprecationWarning: The `punycode` module is deprecated. Please use a userland alternative instead.
(Use `node --trace-deprecation ...` to show where the warning was created)

[0m[7m[33m[1m RUNS [22m[39m[27m[0m [2msrc/analysis/analyzers/__tests__/[22m[1mcolor-contrast-integration.test.ts[22m

[1mTest Suites: [22m[1m[31m1 failed[39m[22m, [1m[32m3 passed[39m[22m, 4 of 5 total
[1mTests:       [22m[1m[32m9 passed[39m[22m, 9 total
[1mSnapshots:   [22m0 total
[1mTime:[22m        1 s, estimated 2 s[K[1A[K[1A[K[1A[K[1A[K[1A[K[1A[999D[K[1mTest Suites: [22m[1m[31m2 failed[39m[22m, [1m[32m3 passed[39m[22m, 5 total
[1mTests:       [22m[1m[32m9 passed[39m[22m, 9 total
[1mSnapshots:   [22m0 total
[1mTime:[22m        1.471 s, estimated 2 s
[2mRan all test suites[22m[2m.[22m
[1G[0K‚†ô[1G[0K[1mnpm[22m [31merror[39m Lifecycle script `test` failed with error:
[1G[0K‚†ô[1G[0K[1mnpm[22m [31merror[39m [94mcode[39m [33m1[39m
[1G[0K‚†ô[1G[0K[1mnpm[22m [31merror[39m [94mpath[39m /Users/crato/uxaudit-pro/packages/backend
[1G[0K‚†ô[1G[0K[1mnpm[22m [31merror[39m [94mworkspace[39m @uxaudit-pro/backend@1.0.0
[1G[0K‚†ô[1G[0K[1mnpm[22m [31merror[39m [94mlocation[39m /Users/crato/uxaudit-pro/packages/backend
[1G[0K‚†ô[1G[0K[1mnpm[22m [31merror[39m command failed
[1G[0K‚†ô[1G[0K[1mnpm[22m [31merror[39m [94mcommand[39m sh -c jest
[1G[0K‚†ô[1G[0K
